<?xml version="1.0" encoding="UTF-8"?>
<!-- Generated by org.testng.reporters.JUnitXMLReporter -->
<testsuite ignored="2" hostname="VikeshPoojary" failures="1" tests="2" name="Surefire test" time="19.795" errors="0" timestamp="2024-11-11T18:51:27 IST">
  <testcase classname="com.katalon.automation.scripts.LoginKatalonFailTest" name="failScnerio" time="10.193">
    <failure type="java.lang.NumberFormatException" message="For input string: &amp;quot;1 &amp;quot;">
      <![CDATA[java.lang.NumberFormatException: For input string: "1 "
at java.base/java.lang.NumberFormatException.forInputString(NumberFormatException.java:67)
at java.base/java.lang.Integer.parseInt(Integer.java:662)
at java.base/java.lang.Integer.parseInt(Integer.java:778)
at com.katalon.automation.scripts.utility.RetryListeners.retry(RetryListeners.java:12)
at java.base/java.util.ArrayList.forEach(ArrayList.java:1596)
... Removed 28 stack frames]]>
    </failure>
  </testcase> <!-- failScnerio -->
  <testcase classname="com.katalon.automation.scripts.LoginKatalonTest" name="testMethod" time="3.137"/>
  <testcase classname="com.katalon.automation.BaseTest" name="@BeforeSuite beforeSuite" time="0.0">
    <ignored/>
  </testcase> <!-- @BeforeSuite beforeSuite -->
  <testcase classname="com.katalon.automation.BaseTest" name="@BeforeSuite beforeSuite" time="0.0">
    <ignored/>
  </testcase> <!-- @BeforeSuite beforeSuite -->
</testsuite> <!-- Surefire test -->
