<?xml version="1.0" encoding="UTF-8"?>
<testng-results ignored="0" total="2" passed="1" failed="1" skipped="0">
  <reporter-output>
  </reporter-output>
  <suite started-at="2024-11-11T18:51:06 IST" name="Surefire suite" finished-at="2024-11-11T18:51:26 IST" duration-ms="19795">
    <groups>
    </groups>
    <test started-at="2024-11-11T18:51:06 IST" name="Surefire test" finished-at="2024-11-11T18:51:26 IST" duration-ms="19795">
      <class name="com.katalon.automation.scripts.LoginKatalonTest">
        <test-method is-config="true" signature="initBrowser()[pri:0, instance:com.katalon.automation.scripts.LoginKatalonTest@35047d03]" started-at="2024-11-11T18:51:17 IST" name="initBrowser" finished-at="2024-11-11T18:51:22 IST" duration-ms="5576" status="PASS">
          <reporter-output>
          </reporter-output>
        </test-method> <!-- initBrowser -->
        <test-method signature="testMethod()[pri:0, instance:com.katalon.automation.scripts.LoginKatalonTest@35047d03]" started-at="2024-11-11T18:51:22 IST" name="testMethod" finished-at="2024-11-11T18:51:25 IST" duration-ms="3137" status="PASS">
          <reporter-output>
          </reporter-output>
        </test-method> <!-- testMethod -->
        <test-method is-config="true" signature="tearDown(org.testng.ITestResult)[pri:0, instance:com.katalon.automation.scripts.LoginKatalonTest@35047d03]" started-at="2024-11-11T18:51:25 IST" name="tearDown" finished-at="2024-11-11T18:51:26 IST" duration-ms="351" status="PASS">
          <params>
            <param index="0">
              <value>
                <![CDATA[[TestResult name=testMethod status=SUCCESS method=LoginKatalonTest.testMethod()[pri:0, instance:com.katalon.automation.scripts.LoginKatalonTest@35047d03] output={null}]]]>
              </value>
            </param>
          </params>
          <reporter-output>
          </reporter-output>
        </test-method> <!-- tearDown -->
      </class> <!-- com.katalon.automation.scripts.LoginKatalonTest -->
      <class name="com.katalon.automation.BaseTest">
        <test-method is-config="true" signature="beforeSuite()[pri:0, instance:com.katalon.automation.BaseTest@1b1473ab]" started-at="2024-11-11T18:51:06 IST" name="beforeSuite" finished-at="2024-11-11T18:51:06 IST" duration-ms="16" status="PASS">
          <reporter-output>
          </reporter-output>
        </test-method> <!-- beforeSuite -->
      </class> <!-- com.katalon.automation.BaseTest -->
      <class name="com.katalon.automation.scripts.LoginKatalonFailTest">
        <test-method signature="failScnerio()[pri:0, instance:com.katalon.automation.scripts.LoginKatalonFailTest@2473d930]" started-at="2024-11-11T18:51:06 IST" name="failScnerio" finished-at="2024-11-11T18:51:16 IST" duration-ms="10193" status="FAIL">
          <exception class="java.lang.NumberFormatException">
            <message>
              <![CDATA[For input string: "1 "]]>
            </message>
            <full-stacktrace>
              <![CDATA[java.lang.NumberFormatException: For input string: "1 "
at java.base/java.lang.NumberFormatException.forInputString(NumberFormatException.java:67)
at java.base/java.lang.Integer.parseInt(Integer.java:662)
at java.base/java.lang.Integer.parseInt(Integer.java:778)
at com.katalon.automation.scripts.utility.RetryListeners.retry(RetryListeners.java:12)
at org.testng.internal.invokers.TestInvoker.shouldRetryTestMethod(TestInvoker.java:577)
at org.testng.internal.invokers.TestInvoker.invokeMethod(TestInvoker.java:749)
at org.testng.internal.invokers.TestInvoker.invokeTestMethod(TestInvoker.java:230)
at org.testng.internal.invokers.MethodRunner.runInSequence(MethodRunner.java:63)
at org.testng.internal.invokers.TestInvoker$MethodInvocationAgent.invoke(TestInvoker.java:992)
at org.testng.internal.invokers.TestInvoker.invokeTestMethods(TestInvoker.java:203)
at org.testng.internal.invokers.TestMethodWorker.invokeTestMethods(TestMethodWorker.java:154)
at org.testng.internal.invokers.TestMethodWorker.run(TestMethodWorker.java:134)
at java.base/java.util.ArrayList.forEach(ArrayList.java:1596)
at org.testng.TestRunner.privateRun(TestRunner.java:739)
at org.testng.TestRunner.run(TestRunner.java:614)
at org.testng.SuiteRunner.runTest(SuiteRunner.java:421)
at org.testng.SuiteRunner.runSequentially(SuiteRunner.java:413)
at org.testng.SuiteRunner.privateRun(SuiteRunner.java:373)
at org.testng.SuiteRunner.run(SuiteRunner.java:312)
at org.testng.SuiteRunnerWorker.runSuite(SuiteRunnerWorker.java:52)
at org.testng.SuiteRunnerWorker.run(SuiteRunnerWorker.java:95)
at org.testng.TestNG.runSuitesSequentially(TestNG.java:1274)
at org.testng.TestNG.runSuitesLocally(TestNG.java:1208)
at org.testng.TestNG.runSuites(TestNG.java:1112)
at org.testng.TestNG.run(TestNG.java:1079)
at org.apache.maven.surefire.testng.TestNGExecutor.run(TestNGExecutor.java:155)
at org.apache.maven.surefire.testng.TestNGDirectoryTestSuite.executeMulti(TestNGDirectoryTestSuite.java:169)
at org.apache.maven.surefire.testng.TestNGDirectoryTestSuite.execute(TestNGDirectoryTestSuite.java:88)
at org.apache.maven.surefire.testng.TestNGProvider.invoke(TestNGProvider.java:137)
at org.apache.maven.surefire.booter.ForkedBooter.runSuitesInProcess(ForkedBooter.java:385)
at org.apache.maven.surefire.booter.ForkedBooter.execute(ForkedBooter.java:162)
at org.apache.maven.surefire.booter.ForkedBooter.run(ForkedBooter.java:507)
at org.apache.maven.surefire.booter.ForkedBooter.main(ForkedBooter.java:495)
]]>
            </full-stacktrace>
          </exception> <!-- java.lang.NumberFormatException -->
          <reporter-output>
          </reporter-output>
        </test-method> <!-- failScnerio -->
        <test-method is-config="true" signature="initBrowser()[pri:0, instance:com.katalon.automation.scripts.LoginKatalonFailTest@2473d930]" started-at="2024-11-11T18:51:06 IST" name="initBrowser" finished-at="2024-11-11T18:51:14 IST" duration-ms="8249" status="PASS">
          <reporter-output>
          </reporter-output>
        </test-method> <!-- initBrowser -->
      </class> <!-- com.katalon.automation.scripts.LoginKatalonFailTest -->
    </test> <!-- Surefire test -->
  </suite> <!-- Surefire suite -->
</testng-results>
